2025-04-02 06:38:15,919 - INFO - Starting training...
2025-04-02 06:38:15,919 - INFO - Using device: cuda
2025-04-02 06:38:16,678 - INFO - Model loaded and moved to device.
2025-04-02 06:38:16,808 - INFO - DataLoaders created.
2025-04-02 06:38:16,816 - INFO - Starting epoch 1
2025-04-02 06:40:19,818 - INFO - Epoch 1 Training Loss: 0.000778907849
2025-04-02 06:40:21,537 - INFO - Epoch 1 Evaluation Loss: 0.000000000000
2025-04-02 06:40:21,537 - INFO - Starting epoch 2
2025-04-02 06:42:25,613 - INFO - Epoch 2 Training Loss: 0.000002914407
2025-04-02 06:42:27,262 - INFO - Epoch 2 Evaluation Loss: 0.000000000000
2025-04-02 06:42:27,262 - INFO - Starting epoch 3
2025-04-02 06:44:31,462 - INFO - Epoch 3 Training Loss: 0.000386438929
2025-04-02 06:44:33,115 - INFO - Epoch 3 Evaluation Loss: 0.000000000000
2025-04-02 06:44:33,115 - INFO - Starting epoch 4
2025-04-02 06:46:36,511 - INFO - Epoch 4 Training Loss: 0.000000000000
2025-04-02 06:46:38,160 - INFO - Epoch 4 Evaluation Loss: 0.000000000000
2025-04-02 06:46:38,160 - INFO - Starting epoch 5
2025-04-02 06:48:41,350 - INFO - Epoch 5 Training Loss: 0.000000000000
2025-04-02 06:48:42,991 - INFO - Epoch 5 Evaluation Loss: 0.000000000000
2025-04-02 06:48:42,991 - INFO - Starting epoch 6
2025-04-02 06:50:46,754 - INFO - Epoch 6 Training Loss: 0.000000000000
2025-04-02 06:50:48,412 - INFO - Epoch 6 Evaluation Loss: 0.000000000000
2025-04-02 06:50:48,412 - INFO - Starting epoch 7
2025-04-02 06:52:51,731 - INFO - Epoch 7 Training Loss: 0.000000000000
2025-04-02 06:52:53,346 - INFO - Epoch 7 Evaluation Loss: 0.000000000000
2025-04-02 06:52:53,346 - INFO - Starting epoch 8
2025-04-02 06:54:55,224 - INFO - Epoch 8 Training Loss: 0.000000000000
2025-04-02 06:54:56,862 - INFO - Epoch 8 Evaluation Loss: 0.000000000000
2025-04-02 06:54:56,862 - INFO - Starting epoch 9
2025-04-02 06:56:59,071 - INFO - Epoch 9 Training Loss: 0.000022523702
2025-04-02 06:57:00,702 - INFO - Epoch 9 Evaluation Loss: 0.000000000000
2025-04-02 06:57:00,702 - INFO - Starting epoch 10
2025-04-02 06:59:01,909 - INFO - Epoch 10 Training Loss: 0.000000000000
2025-04-02 06:59:03,512 - INFO - Epoch 10 Evaluation Loss: 0.000000000000
2025-04-02 06:59:04,364 - INFO - Model and tokenizer saved to results/t5_pretrain_triplet_toxic/model_checkpoint
