2025-04-01 17:46:17,924 - INFO - Starting training...
2025-04-01 17:46:17,925 - INFO - Using device: cuda
2025-04-01 17:46:20,083 - INFO - Model loaded and moved to device.
2025-04-01 17:46:20,198 - INFO - DataLoaders created.
2025-04-01 17:46:20,198 - INFO - Starting epoch 1
2025-04-01 17:56:37,234 - INFO - Starting training...
2025-04-01 17:56:37,234 - INFO - Using device: cuda
2025-04-01 17:56:38,074 - INFO - Model loaded and moved to device.
2025-04-01 17:56:38,222 - INFO - DataLoaders created.
2025-04-01 17:56:38,223 - INFO - Starting epoch 1
2025-04-01 17:59:21,426 - INFO - Starting training...
2025-04-01 17:59:21,426 - INFO - Using device: cuda
2025-04-01 17:59:22,229 - INFO - Model loaded and moved to device.
2025-04-01 17:59:22,352 - INFO - DataLoaders created.
2025-04-01 17:59:22,353 - INFO - Starting epoch 1
2025-04-01 18:02:19,789 - INFO - Starting training...
2025-04-01 18:02:19,789 - INFO - Using device: cuda
2025-04-01 18:02:20,576 - INFO - Model loaded and moved to device.
2025-04-01 18:02:20,713 - INFO - DataLoaders created.
2025-04-01 18:02:20,715 - INFO - Starting epoch 1
2025-04-01 18:03:37,321 - INFO - Starting training...
2025-04-01 18:03:37,321 - INFO - Using device: cuda
2025-04-01 18:03:38,093 - INFO - Model loaded and moved to device.
2025-04-01 18:03:38,215 - INFO - DataLoaders created.
2025-04-01 18:03:38,216 - INFO - Starting epoch 1
2025-04-01 18:04:19,722 - INFO - Starting training...
2025-04-01 18:04:19,722 - INFO - Using device: cuda
2025-04-01 18:04:20,542 - INFO - Model loaded and moved to device.
2025-04-01 18:04:20,665 - INFO - DataLoaders created.
2025-04-01 18:04:20,667 - INFO - Starting epoch 1
2025-04-01 18:04:46,868 - INFO - Starting training...
2025-04-01 18:04:46,868 - INFO - Using device: cuda
2025-04-01 18:04:47,667 - INFO - Model loaded and moved to device.
2025-04-01 18:04:47,815 - INFO - DataLoaders created.
2025-04-01 18:04:47,816 - INFO - Starting epoch 1
2025-04-01 18:08:44,098 - INFO - Starting training...
2025-04-01 18:08:44,098 - INFO - Using device: cuda
2025-04-01 18:08:44,991 - INFO - Model loaded and moved to device.
2025-04-01 18:08:45,120 - INFO - DataLoaders created.
2025-04-01 18:08:45,135 - INFO - Starting epoch 1
2025-04-01 18:12:21,683 - INFO - Starting training...
2025-04-01 18:12:21,683 - INFO - Using device: cuda
2025-04-01 18:12:22,461 - INFO - Model loaded and moved to device.
2025-04-01 18:12:22,594 - INFO - DataLoaders created.
2025-04-01 18:12:22,596 - INFO - Starting epoch 1
2025-04-01 18:14:01,800 - INFO - Starting training...
2025-04-01 18:14:01,800 - INFO - Using device: cuda
2025-04-01 18:14:02,585 - INFO - Model loaded and moved to device.
2025-04-01 18:14:02,718 - INFO - DataLoaders created.
2025-04-01 18:14:02,719 - INFO - Starting epoch 1
2025-04-01 18:18:01,238 - INFO - Starting training...
2025-04-01 18:18:01,238 - INFO - Using device: cuda
2025-04-01 18:18:02,051 - INFO - Model loaded and moved to device.
2025-04-01 18:18:02,165 - INFO - DataLoaders created.
2025-04-01 18:18:02,167 - INFO - Starting epoch 1
2025-04-01 18:18:34,958 - INFO - Starting training...
2025-04-01 18:18:34,958 - INFO - Using device: cuda
2025-04-01 18:18:36,154 - INFO - Model loaded and moved to device.
2025-04-01 18:18:36,281 - INFO - DataLoaders created.
2025-04-01 18:18:36,282 - INFO - Starting epoch 1
2025-04-01 18:32:48,816 - INFO - Starting training...
2025-04-01 18:32:48,816 - INFO - Using device: cuda
2025-04-01 18:32:50,320 - INFO - Model loaded and moved to device.
2025-04-01 18:32:50,437 - INFO - DataLoaders created.
2025-04-01 18:32:50,438 - INFO - Starting epoch 1
2025-04-01 18:36:47,792 - INFO - Starting training...
2025-04-01 18:36:47,792 - INFO - Using device: cuda
2025-04-01 18:36:48,698 - INFO - Model loaded and moved to device.
2025-04-01 18:36:48,821 - INFO - DataLoaders created.
2025-04-01 18:36:48,823 - INFO - Starting epoch 1
2025-04-01 18:41:35,845 - INFO - Epoch 1: Avg Loss = inf
2025-04-01 18:41:35,847 - INFO - Epoch 1 Training Loss: inf
2025-04-01 18:41:35,903 - INFO - Epoch 1 Evaluation Loss: inf
2025-04-01 18:41:35,903 - INFO - Starting epoch 2
2025-04-01 18:46:21,643 - INFO - Epoch 2: Avg Loss = inf
2025-04-01 18:46:21,644 - INFO - Epoch 2 Training Loss: inf
2025-04-01 18:46:21,697 - INFO - Epoch 2 Evaluation Loss: inf
2025-04-01 18:46:21,697 - INFO - Starting epoch 3
2025-04-01 18:51:02,300 - INFO - Epoch 3: Avg Loss = inf
2025-04-01 18:51:02,300 - INFO - Epoch 3 Training Loss: inf
2025-04-01 18:51:02,369 - INFO - Epoch 3 Evaluation Loss: inf
2025-04-01 18:51:02,369 - INFO - Starting epoch 4
2025-04-01 18:55:41,629 - INFO - Epoch 4: Avg Loss = inf
2025-04-01 18:55:41,629 - INFO - Epoch 4 Training Loss: inf
2025-04-01 18:55:41,714 - INFO - Epoch 4 Evaluation Loss: inf
2025-04-01 18:55:41,714 - INFO - Starting epoch 5
2025-04-01 19:00:23,521 - INFO - Epoch 5: Avg Loss = inf
2025-04-01 19:00:23,521 - INFO - Epoch 5 Training Loss: inf
2025-04-01 19:00:23,571 - INFO - Epoch 5 Evaluation Loss: inf
2025-04-01 19:00:23,571 - INFO - Starting epoch 6
2025-04-01 19:19:57,679 - INFO - Starting training...
2025-04-01 19:19:57,679 - INFO - Using device: cuda
2025-04-01 19:19:58,429 - INFO - Model loaded and moved to device.
2025-04-01 19:19:58,566 - INFO - DataLoaders created.
2025-04-01 19:19:58,567 - INFO - Starting epoch 1
2025-04-01 19:26:27,491 - INFO - Starting training...
2025-04-01 19:26:27,491 - INFO - Using device: cuda
2025-04-01 19:26:28,855 - INFO - Model loaded and moved to device.
2025-04-01 19:26:28,999 - INFO - DataLoaders created.
2025-04-01 19:26:29,001 - INFO - Starting epoch 1
2025-04-01 19:27:05,457 - INFO - Starting training...
2025-04-01 19:27:05,457 - INFO - Using device: cuda
2025-04-01 19:27:06,350 - INFO - Model loaded and moved to device.
2025-04-01 19:27:06,507 - INFO - DataLoaders created.
2025-04-01 19:27:06,507 - INFO - Starting epoch 1
2025-04-01 21:29:14,476 - INFO - Starting training...
2025-04-01 21:29:14,476 - INFO - Using device: cuda
2025-04-01 21:29:15,467 - INFO - Model loaded and moved to device.
2025-04-01 21:29:15,609 - INFO - DataLoaders created.
2025-04-01 21:29:15,609 - INFO - Starting epoch 1
2025-04-01 21:36:25,312 - INFO - Starting training...
2025-04-01 21:36:25,312 - INFO - Using device: cuda
2025-04-01 21:36:26,324 - INFO - Model loaded and moved to device.
2025-04-01 21:36:26,475 - INFO - DataLoaders created.
2025-04-01 21:36:26,475 - INFO - Starting epoch 1
2025-04-01 21:36:35,675 - INFO - Starting training...
2025-04-01 21:36:35,675 - INFO - Using device: cuda
2025-04-01 21:36:36,504 - INFO - Model loaded and moved to device.
2025-04-01 21:36:36,632 - INFO - DataLoaders created.
2025-04-01 21:36:36,648 - INFO - Starting epoch 1
2025-04-01 21:44:58,119 - INFO - Starting training...
2025-04-01 21:44:58,119 - INFO - Using device: cuda
2025-04-01 21:44:59,036 - INFO - Model loaded and moved to device.
2025-04-01 21:44:59,194 - INFO - DataLoaders created.
2025-04-01 21:44:59,194 - INFO - Starting epoch 1
2025-04-01 21:50:59,410 - INFO - Starting training...
2025-04-01 21:50:59,411 - INFO - Using device: cuda
2025-04-01 21:51:00,424 - INFO - Model loaded and moved to device.
2025-04-01 21:51:00,558 - INFO - DataLoaders created.
2025-04-01 21:51:00,560 - INFO - Starting epoch 1
2025-04-01 21:58:02,422 - INFO - Starting training...
2025-04-01 21:58:02,426 - INFO - Using device: cuda
2025-04-01 21:58:12,887 - INFO - Starting training...
2025-04-01 21:58:12,887 - INFO - Using device: cuda
2025-04-01 21:58:13,676 - INFO - Model loaded and moved to device.
2025-04-01 21:58:13,815 - INFO - DataLoaders created.
2025-04-01 21:58:13,816 - INFO - Starting epoch 1
2025-04-01 21:59:39,097 - INFO - Starting training...
2025-04-01 21:59:39,097 - INFO - Using device: cuda
2025-04-01 21:59:40,005 - INFO - Model loaded and moved to device.
2025-04-01 21:59:40,169 - INFO - DataLoaders created.
2025-04-01 21:59:40,169 - INFO - Starting epoch 1
2025-04-01 22:01:19,188 - INFO - Starting training...
2025-04-01 22:01:19,191 - INFO - Using device: cuda
2025-04-01 22:01:20,442 - INFO - Model loaded and moved to device.
2025-04-01 22:01:20,581 - INFO - DataLoaders created.
2025-04-01 22:01:20,582 - INFO - Starting epoch 1
2025-04-01 22:03:29,926 - INFO - Epoch 1: Avg Loss = 0.0004
2025-04-01 22:03:29,926 - INFO - Epoch 1 Training Loss: 0.0004
2025-04-01 22:03:29,948 - INFO - Epoch 1 Evaluation Loss: 0.0000
2025-04-01 22:03:29,948 - INFO - Starting epoch 2
2025-04-01 22:04:41,602 - INFO - Starting training...
2025-04-01 22:04:41,602 - INFO - Using device: cuda
2025-04-01 22:04:42,401 - INFO - Model loaded and moved to device.
2025-04-01 22:04:42,524 - INFO - DataLoaders created.
2025-04-01 22:04:42,525 - INFO - Starting epoch 1
2025-04-01 22:06:51,817 - INFO - Epoch 1: Avg Loss = 0.0004
2025-04-01 22:06:51,817 - INFO - Epoch 1 Training Loss: 0.00043324
2025-04-01 22:06:51,854 - INFO - Epoch 1 Evaluation Loss: 0.00000000
2025-04-01 22:06:51,854 - INFO - Starting epoch 2
2025-04-01 22:08:59,381 - INFO - Epoch 2: Avg Loss = 0.0000
2025-04-01 22:08:59,381 - INFO - Epoch 2 Training Loss: 0.00000228
2025-04-01 22:08:59,409 - INFO - Epoch 2 Evaluation Loss: 0.00000000
2025-04-01 22:08:59,409 - INFO - Starting epoch 3
2025-04-01 22:11:07,566 - INFO - Epoch 3: Avg Loss = 0.0000
2025-04-01 22:11:07,567 - INFO - Epoch 3 Training Loss: 0.00003234
2025-04-01 22:11:07,587 - INFO - Epoch 3 Evaluation Loss: 0.00000000
2025-04-01 22:11:07,587 - INFO - Starting epoch 4
2025-04-01 22:13:22,972 - INFO - Epoch 4: Avg Loss = 0.0000
2025-04-01 22:13:22,972 - INFO - Epoch 4 Training Loss: 0.00000000
2025-04-01 22:13:23,007 - INFO - Epoch 4 Evaluation Loss: 0.00000000
2025-04-01 22:13:23,008 - INFO - Starting epoch 5
2025-04-01 22:15:44,806 - INFO - Epoch 5: Avg Loss = 0.0000
2025-04-01 22:15:44,806 - INFO - Epoch 5 Training Loss: 0.00000000
2025-04-01 22:15:44,837 - INFO - Epoch 5 Evaluation Loss: 0.00000000
2025-04-01 22:15:44,837 - INFO - Starting epoch 6
2025-04-01 22:18:01,471 - INFO - Epoch 6: Avg Loss = 0.0000
2025-04-01 22:18:01,472 - INFO - Epoch 6 Training Loss: 0.00000705
2025-04-01 22:18:01,499 - INFO - Epoch 6 Evaluation Loss: 0.00000000
2025-04-01 22:18:01,499 - INFO - Starting epoch 7
2025-04-01 22:20:10,833 - INFO - Epoch 7: Avg Loss = 0.0000
2025-04-01 22:20:10,833 - INFO - Epoch 7 Training Loss: 0.00000000
2025-04-01 22:20:10,854 - INFO - Epoch 7 Evaluation Loss: 0.00000000
2025-04-01 22:20:10,854 - INFO - Starting epoch 8
2025-04-01 22:22:19,052 - INFO - Epoch 8: Avg Loss = 0.0000
2025-04-01 22:22:19,052 - INFO - Epoch 8 Training Loss: 0.00000000
2025-04-01 22:22:19,073 - INFO - Epoch 8 Evaluation Loss: 0.00000000
2025-04-01 22:22:19,073 - INFO - Starting epoch 9
2025-04-01 22:24:28,053 - INFO - Epoch 9: Avg Loss = 0.0001
2025-04-01 22:24:28,054 - INFO - Epoch 9 Training Loss: 0.00006364
2025-04-01 22:24:28,081 - INFO - Epoch 9 Evaluation Loss: 0.00000000
2025-04-01 22:24:28,082 - INFO - Starting epoch 10
2025-04-01 22:26:36,581 - INFO - Epoch 10: Avg Loss = 0.0000
2025-04-01 22:26:36,581 - INFO - Epoch 10 Training Loss: 0.00003488
2025-04-01 22:26:36,603 - INFO - Epoch 10 Evaluation Loss: 0.00000000
2025-04-01 22:29:11,297 - INFO - Starting training...
2025-04-01 22:29:11,297 - INFO - Using device: cuda
2025-04-01 22:29:12,269 - INFO - Model loaded and moved to device.
2025-04-01 22:29:12,445 - INFO - DataLoaders created.
2025-04-01 22:29:12,445 - INFO - Starting epoch 1
2025-04-01 22:31:57,302 - INFO - Epoch 1: Avg Loss = 0.0004
2025-04-01 22:31:57,302 - INFO - Epoch 1 Training Loss: 0.00043324
2025-04-01 22:33:36,398 - INFO - Epoch 1 Evaluation Loss: 0.00000000
2025-04-01 22:33:36,398 - INFO - Starting epoch 2
2025-04-01 22:40:04,531 - INFO - Starting training...
2025-04-01 22:40:04,531 - INFO - Using device: cuda
2025-04-01 22:40:06,210 - INFO - Model loaded and moved to device.
2025-04-01 22:40:06,322 - INFO - DataLoaders created.
2025-04-01 22:40:06,322 - INFO - Starting epoch 1
2025-04-01 22:42:15,472 - INFO - Epoch 1: Avg Loss = 0.00043324354038264194
2025-04-01 22:42:15,473 - INFO - Epoch 1 Training Loss: 0.00043324
2025-04-01 22:42:15,495 - INFO - Epoch 1 Evaluation Loss: 0.00000000
2025-04-01 22:42:15,495 - INFO - Starting epoch 2
2025-04-01 22:44:24,332 - INFO - Epoch 2: Avg Loss = 2.2766243094061264e-06
2025-04-01 22:44:24,332 - INFO - Epoch 2 Training Loss: 0.00000228
2025-04-01 22:44:24,354 - INFO - Epoch 2 Evaluation Loss: 0.00000000
2025-04-01 22:44:24,354 - INFO - Starting epoch 3
2025-04-01 22:46:31,908 - INFO - Epoch 3: Avg Loss = 3.234419539932292e-05
2025-04-01 22:46:31,910 - INFO - Epoch 3 Training Loss: 0.00003234
2025-04-01 22:46:31,931 - INFO - Epoch 3 Evaluation Loss: 0.00000000
2025-04-01 22:46:31,931 - INFO - Starting epoch 4
2025-04-01 22:47:14,603 - INFO - Starting training...
2025-04-01 22:47:14,603 - INFO - Using device: cuda
2025-04-01 22:47:15,426 - INFO - Model loaded and moved to device.
2025-04-01 22:47:15,556 - INFO - DataLoaders created.
2025-04-01 22:47:15,558 - INFO - Starting epoch 1
2025-04-01 22:49:32,606 - INFO - Epoch 1 Training Loss: 0.000433243540
2025-04-01 22:49:32,638 - INFO - Epoch 1 Evaluation Loss: 0.000000000000
2025-04-01 22:49:32,638 - INFO - Starting epoch 2
2025-04-01 22:51:42,835 - INFO - Epoch 2 Training Loss: 0.000002276624
2025-04-01 22:51:42,870 - INFO - Epoch 2 Evaluation Loss: 0.000000000000
2025-04-01 22:51:42,870 - INFO - Starting epoch 3
2025-04-01 22:53:55,871 - INFO - Epoch 3 Training Loss: 0.000032344195
2025-04-01 22:53:55,900 - INFO - Epoch 3 Evaluation Loss: 0.000000000000
2025-04-01 22:53:55,901 - INFO - Starting epoch 4
2025-04-01 22:56:16,038 - INFO - Epoch 4 Training Loss: 0.000000000000
2025-04-01 22:56:16,068 - INFO - Epoch 4 Evaluation Loss: 0.000000000000
2025-04-01 22:56:16,068 - INFO - Starting epoch 5
2025-04-01 22:58:36,864 - INFO - Epoch 5 Training Loss: 0.000000000000
2025-04-01 22:58:36,900 - INFO - Epoch 5 Evaluation Loss: 0.000000000000
2025-04-01 22:58:36,900 - INFO - Starting epoch 6
2025-04-01 23:00:57,011 - INFO - Epoch 6 Training Loss: 0.000007050973
2025-04-01 23:00:57,042 - INFO - Epoch 6 Evaluation Loss: 0.000000000000
2025-04-01 23:00:57,042 - INFO - Starting epoch 7
2025-04-01 23:03:16,448 - INFO - Epoch 7 Training Loss: 0.000000000000
2025-04-01 23:03:16,479 - INFO - Epoch 7 Evaluation Loss: 0.000000000000
2025-04-01 23:03:16,479 - INFO - Starting epoch 8
2025-04-01 23:05:33,222 - INFO - Epoch 8 Training Loss: 0.000000000000
2025-04-01 23:05:33,243 - INFO - Epoch 8 Evaluation Loss: 0.000000000000
2025-04-01 23:05:33,243 - INFO - Starting epoch 9
2025-04-01 23:07:46,052 - INFO - Epoch 9 Training Loss: 0.000063635058
2025-04-01 23:07:46,089 - INFO - Epoch 9 Evaluation Loss: 0.000000000000
2025-04-01 23:07:46,089 - INFO - Starting epoch 10
2025-04-01 23:09:54,660 - INFO - Epoch 10 Training Loss: 0.000034878310
2025-04-01 23:09:54,682 - INFO - Epoch 10 Evaluation Loss: 0.000000000000
2025-04-01 23:09:55,582 - INFO - Model and tokenizer saved to results/t5_pretrain_contrastive_toxic/model_checkpoint
2025-04-02 00:09:31,950 - INFO - Starting training...
2025-04-02 00:09:31,950 - INFO - Using device: cuda
2025-04-02 00:09:32,722 - INFO - Model loaded and moved to device.
2025-04-02 00:09:32,863 - INFO - DataLoaders created.
2025-04-02 00:09:32,867 - INFO - Starting epoch 1
2025-04-02 00:10:21,731 - INFO - Starting training...
2025-04-02 00:10:21,731 - INFO - Using device: cuda
2025-04-02 00:10:22,498 - INFO - Model loaded and moved to device.
2025-04-02 00:10:22,614 - INFO - DataLoaders created.
2025-04-02 00:10:22,615 - INFO - Starting epoch 1
2025-04-02 00:12:32,442 - INFO - Epoch 1 Training Loss: 0.018165307785
2025-04-02 00:12:32,463 - INFO - Epoch 1 Evaluation Loss: 0.000000000000
2025-04-02 00:12:32,463 - INFO - Starting epoch 2
2025-04-02 00:14:41,832 - INFO - Epoch 2 Training Loss: 0.001565789206
2025-04-02 00:14:41,860 - INFO - Epoch 2 Evaluation Loss: 0.000000000000
2025-04-02 00:14:41,860 - INFO - Starting epoch 3
2025-04-02 00:16:49,579 - INFO - Epoch 3 Training Loss: 0.000133481629
2025-04-02 00:16:49,606 - INFO - Epoch 3 Evaluation Loss: 0.000000000000
2025-04-02 00:16:49,606 - INFO - Starting epoch 4
2025-04-02 00:19:01,753 - INFO - Epoch 4 Training Loss: 0.000016377586
2025-04-02 00:19:01,785 - INFO - Epoch 4 Evaluation Loss: 0.000000000000
2025-04-02 00:19:01,785 - INFO - Starting epoch 5
2025-04-02 00:21:11,677 - INFO - Epoch 5 Training Loss: 0.000000488819
2025-04-02 00:21:11,713 - INFO - Epoch 5 Evaluation Loss: 0.000000000000
2025-04-02 00:21:11,713 - INFO - Starting epoch 6
2025-04-02 00:22:46,293 - INFO - Starting training...
2025-04-02 00:22:46,294 - INFO - Using device: cuda
2025-04-02 00:22:47,272 - INFO - Model loaded and moved to device.
2025-04-02 00:22:47,398 - INFO - DataLoaders created.
2025-04-02 00:22:47,400 - INFO - Starting epoch 1
2025-04-02 00:24:56,740 - INFO - Epoch 1 Training Loss: 0.018165307785
2025-04-02 00:24:56,761 - INFO - Epoch 1 Evaluation Loss: 0.000000000000
2025-04-02 00:24:56,761 - INFO - Starting epoch 2
2025-04-02 00:25:50,727 - INFO - Starting training...
2025-04-02 00:25:50,727 - INFO - Using device: cuda
2025-04-02 00:25:51,515 - INFO - Model loaded and moved to device.
2025-04-02 00:25:51,641 - INFO - DataLoaders created.
2025-04-02 00:25:51,641 - INFO - Starting epoch 1
2025-04-02 00:28:01,673 - INFO - Epoch 1 Training Loss: 0.018165307785
2025-04-02 00:28:01,697 - INFO - Epoch 1 Evaluation Loss: 0.000000000000
2025-04-02 00:28:01,697 - INFO - Starting epoch 2
2025-04-02 00:30:11,331 - INFO - Epoch 2 Training Loss: 0.001565789206
2025-04-02 00:30:11,353 - INFO - Epoch 2 Evaluation Loss: 0.000000000000
2025-04-02 00:30:11,353 - INFO - Starting epoch 3
2025-04-02 00:30:35,081 - INFO - Starting training...
2025-04-02 00:30:35,081 - INFO - Using device: cuda
2025-04-02 00:30:35,859 - INFO - Model loaded and moved to device.
2025-04-02 00:30:35,982 - INFO - DataLoaders created.
2025-04-02 00:30:35,983 - INFO - Starting epoch 1
2025-04-02 00:32:45,723 - INFO - Epoch 1 Training Loss: 0.016494031040
2025-04-02 00:32:45,757 - INFO - Epoch 1 Evaluation Loss: 0.000000000000
2025-04-02 00:32:45,757 - INFO - Starting epoch 2
2025-04-02 00:34:56,873 - INFO - Epoch 2 Training Loss: 0.001238976035
2025-04-02 00:34:56,905 - INFO - Epoch 2 Evaluation Loss: 0.000000007451
2025-04-02 00:34:56,905 - INFO - Starting epoch 3
2025-04-02 00:37:09,848 - INFO - Epoch 3 Training Loss: 0.000605429261
2025-04-02 00:37:09,885 - INFO - Epoch 3 Evaluation Loss: 0.000000089407
2025-04-02 00:37:09,885 - INFO - Starting epoch 4
2025-04-02 00:39:31,005 - INFO - Epoch 4 Training Loss: 0.000228225867
2025-04-02 00:39:31,036 - INFO - Epoch 4 Evaluation Loss: 0.000000007451
2025-04-02 00:39:31,036 - INFO - Starting epoch 5
2025-04-02 00:41:52,724 - INFO - Epoch 5 Training Loss: 0.000164150676
2025-04-02 00:41:52,751 - INFO - Epoch 5 Evaluation Loss: 0.000000000000
2025-04-02 00:41:52,754 - INFO - Starting epoch 6
2025-04-02 00:44:11,720 - INFO - Epoch 6 Training Loss: 0.000051446071
2025-04-02 00:44:11,767 - INFO - Epoch 6 Evaluation Loss: 0.000000000000
2025-04-02 00:44:11,767 - INFO - Starting epoch 7
2025-04-02 00:46:32,012 - INFO - Epoch 7 Training Loss: 0.000028382701
2025-04-02 00:46:32,059 - INFO - Epoch 7 Evaluation Loss: 0.000000000000
2025-04-02 00:46:32,059 - INFO - Starting epoch 8
2025-04-02 01:24:58,770 - INFO - Epoch 8 Training Loss: 0.000005005450
2025-04-02 01:24:58,807 - INFO - Epoch 8 Evaluation Loss: 0.000000000000
2025-04-02 01:24:58,807 - INFO - Starting epoch 9
2025-04-02 01:39:33,360 - INFO - Starting training...
2025-04-02 01:39:33,360 - INFO - Using device: cuda
2025-04-02 01:39:34,171 - INFO - Model loaded and moved to device.
2025-04-02 01:39:34,305 - INFO - DataLoaders created.
2025-04-02 01:39:34,306 - INFO - Starting epoch 1
2025-04-02 01:41:43,364 - INFO - Epoch 1 Training Loss: 0.016494031040
2025-04-02 01:41:43,385 - INFO - Epoch 1 Evaluation Loss: 0.000000000000
2025-04-02 01:41:43,385 - INFO - Starting epoch 2
2025-04-02 01:42:40,092 - INFO - Starting training...
2025-04-02 01:42:40,092 - INFO - Using device: cuda
2025-04-02 01:42:40,988 - INFO - Model loaded and moved to device.
2025-04-02 01:42:41,134 - INFO - DataLoaders created.
2025-04-02 01:42:41,134 - INFO - Starting epoch 1
2025-04-02 01:45:13,542 - INFO - Epoch 2 Training Loss: 0.001238976035
2025-04-02 01:45:13,605 - INFO - Epoch 2 Evaluation Loss: 0.000000007451
2025-04-02 01:45:13,605 - INFO - Starting epoch 3
2025-04-02 01:48:13,910 - INFO - Epoch 1 Training Loss: 0.016494031040
2025-04-02 01:48:58,613 - INFO - Epoch 3 Training Loss: 0.000605429261
2025-04-02 01:48:58,650 - INFO - Epoch 3 Evaluation Loss: 0.000000089407
2025-04-02 01:48:58,650 - INFO - Starting epoch 4
2025-04-02 01:51:06,066 - INFO - Epoch 4 Training Loss: 0.000228225867
2025-04-02 01:51:06,088 - INFO - Epoch 4 Evaluation Loss: 0.000000007451
2025-04-02 01:51:06,097 - INFO - Starting epoch 5
2025-04-02 01:51:36,255 - INFO - Starting training...
2025-04-02 01:51:36,256 - INFO - Using device: cuda
2025-04-02 01:51:37,171 - INFO - Model loaded and moved to device.
2025-04-02 01:53:12,787 - INFO - Epoch 5 Training Loss: 0.000164150676
2025-04-02 01:53:12,817 - INFO - Epoch 5 Evaluation Loss: 0.000000000000
2025-04-02 01:53:12,817 - INFO - Starting epoch 6
2025-04-02 01:53:56,632 - INFO - Starting training...
2025-04-02 01:53:56,632 - INFO - Using device: cuda
2025-04-02 01:53:57,532 - INFO - Model loaded and moved to device.
2025-04-02 01:55:19,121 - INFO - Epoch 6 Training Loss: 0.000051446071
2025-04-02 01:55:19,153 - INFO - Epoch 6 Evaluation Loss: 0.000000000000
2025-04-02 01:55:19,153 - INFO - Starting epoch 7
2025-04-02 01:55:42,126 - INFO - Starting training...
2025-04-02 01:55:42,126 - INFO - Using device: cuda
2025-04-02 01:55:43,133 - INFO - Model loaded and moved to device.
2025-04-02 01:57:30,451 - INFO - Starting training...
2025-04-02 01:57:30,452 - INFO - Using device: cuda
2025-04-02 01:57:31,233 - INFO - Model loaded and moved to device.
2025-04-02 01:57:31,353 - INFO - DataLoaders created.
2025-04-02 01:57:31,354 - INFO - Starting epoch 1
2025-04-02 01:59:34,770 - INFO - Epoch 1 Training Loss: 0.017112829429
2025-04-02 01:59:36,441 - INFO - Epoch 1 Evaluation Loss: 0.002287114247
2025-04-02 01:59:36,441 - INFO - Starting epoch 2
2025-04-02 02:01:46,396 - INFO - Epoch 2 Training Loss: 0.001377752180
2025-04-02 02:01:48,035 - INFO - Epoch 2 Evaluation Loss: 0.000878276251
2025-04-02 02:01:48,035 - INFO - Starting epoch 3
2025-04-02 02:03:51,602 - INFO - Epoch 3 Training Loss: 0.000365468577
2025-04-02 02:03:53,227 - INFO - Epoch 3 Evaluation Loss: 0.000004145709
2025-04-02 02:03:53,227 - INFO - Starting epoch 4
2025-04-02 02:06:02,410 - INFO - Epoch 4 Training Loss: 0.000020551836
2025-04-02 02:06:04,005 - INFO - Epoch 4 Evaluation Loss: 0.000000013364
2025-04-02 02:06:04,005 - INFO - Starting epoch 5
2025-04-02 02:08:15,224 - INFO - Epoch 5 Training Loss: 0.000002104958
2025-04-02 02:08:16,972 - INFO - Epoch 5 Evaluation Loss: 0.000000003784
2025-04-02 02:08:16,972 - INFO - Starting epoch 6
2025-04-02 02:10:32,898 - INFO - Epoch 6 Training Loss: 0.000023381241
2025-04-02 02:10:34,708 - INFO - Epoch 6 Evaluation Loss: 0.000000000118
2025-04-02 02:10:34,708 - INFO - Starting epoch 7
2025-04-02 02:12:52,506 - INFO - Epoch 7 Training Loss: 0.000014703999
2025-04-02 02:12:54,418 - INFO - Epoch 7 Evaluation Loss: 0.000000000000
2025-04-02 02:12:54,418 - INFO - Starting epoch 8
2025-04-02 02:15:13,577 - INFO - Epoch 8 Training Loss: 0.000000430054
2025-04-02 02:15:15,481 - INFO - Epoch 8 Evaluation Loss: 0.000000000000
2025-04-02 02:15:15,481 - INFO - Starting epoch 9
2025-04-02 02:17:33,115 - INFO - Epoch 9 Training Loss: 0.000063129842
2025-04-02 02:17:34,973 - INFO - Epoch 9 Evaluation Loss: 0.000000010171
2025-04-02 02:17:34,973 - INFO - Starting epoch 10
2025-04-02 02:19:53,201 - INFO - Epoch 10 Training Loss: 0.000000023221
2025-04-02 02:19:55,041 - INFO - Epoch 10 Evaluation Loss: 0.000000009343
2025-04-02 02:19:56,198 - INFO - Model and tokenizer saved to results/t5_pretrain_contrastive_toxic/model_checkpoint
2025-04-02 02:28:10,163 - INFO - Starting training...
2025-04-02 02:28:10,163 - INFO - Using device: cuda
2025-04-02 02:28:10,973 - INFO - Model loaded and moved to device.
2025-04-02 02:28:11,132 - INFO - DataLoaders created.
2025-04-02 02:28:11,132 - INFO - Starting epoch 1
2025-04-02 02:30:22,047 - INFO - Epoch 1 Training Loss: 0.017112829429
2025-04-02 02:30:23,813 - INFO - Epoch 1 Evaluation Loss: 0.002287114247
2025-04-02 02:30:23,813 - INFO - Starting epoch 2
2025-04-02 02:32:32,032 - INFO - Epoch 2 Training Loss: 0.001377752180
2025-04-02 02:32:33,663 - INFO - Epoch 2 Evaluation Loss: 0.000878276251
2025-04-02 02:32:33,663 - INFO - Starting epoch 3
2025-04-02 02:33:05,704 - INFO - Starting training...
2025-04-02 02:33:05,704 - INFO - Using device: cuda
2025-04-02 02:33:06,635 - INFO - Model loaded and moved to device.
2025-04-02 02:33:06,789 - INFO - DataLoaders created.
2025-04-02 02:33:06,789 - INFO - Starting epoch 1
2025-04-02 02:35:10,052 - INFO - Epoch 1 Training Loss: 0.017112829429
2025-04-02 02:35:11,677 - INFO - Epoch 1 Evaluation Loss: 0.002287114247
2025-04-02 02:35:12,640 - INFO - Model and tokenizer saved to results/t5_pretrain_contrastive_toxic/model_checkpoint
2025-04-02 02:41:00,912 - INFO - Starting training...
2025-04-02 02:41:00,912 - INFO - Using device: cuda
2025-04-02 02:41:01,708 - INFO - Model loaded and moved to device.
2025-04-02 02:41:01,844 - INFO - DataLoaders created.
2025-04-02 02:41:01,845 - INFO - Starting epoch 1
2025-04-02 02:43:05,739 - INFO - Epoch 1 Training Loss: 0.017112829429
2025-04-02 02:43:07,347 - INFO - Epoch 1 Evaluation Loss: 0.002287114247
2025-04-02 02:43:08,316 - INFO - Model and tokenizer saved to results/t5_pretrain_contrastive_toxic/model_checkpoint
2025-04-02 02:43:47,758 - INFO - Starting training...
2025-04-02 02:43:47,758 - INFO - Using device: cuda
2025-04-02 02:43:48,645 - INFO - Model loaded and moved to device.
2025-04-02 02:43:48,797 - INFO - DataLoaders created.
2025-04-02 02:43:48,797 - INFO - Starting epoch 1
2025-04-02 02:45:53,074 - INFO - Epoch 1 Training Loss: 0.017112829429
2025-04-02 02:45:54,709 - INFO - Epoch 1 Evaluation Loss: 0.002287114247
2025-04-02 02:45:54,709 - INFO - Starting epoch 2
2025-04-02 02:47:59,194 - INFO - Epoch 2 Training Loss: 0.001377752180
2025-04-02 02:48:00,848 - INFO - Epoch 2 Evaluation Loss: 0.000878276251
2025-04-02 02:48:00,848 - INFO - Starting epoch 3
2025-04-02 02:50:05,505 - INFO - Epoch 3 Training Loss: 0.000365468577
2025-04-02 02:50:07,144 - INFO - Epoch 3 Evaluation Loss: 0.000004145709
2025-04-02 02:50:07,144 - INFO - Starting epoch 4
2025-04-02 02:52:11,206 - INFO - Epoch 4 Training Loss: 0.000020551836
2025-04-02 02:52:12,837 - INFO - Epoch 4 Evaluation Loss: 0.000000013364
2025-04-02 02:52:12,837 - INFO - Starting epoch 5
2025-04-02 02:54:16,723 - INFO - Epoch 5 Training Loss: 0.000002104958
2025-04-02 02:54:18,399 - INFO - Epoch 5 Evaluation Loss: 0.000000003784
2025-04-02 02:54:18,399 - INFO - Starting epoch 6
2025-04-02 02:56:23,647 - INFO - Epoch 6 Training Loss: 0.000023381241
2025-04-02 02:56:25,444 - INFO - Epoch 6 Evaluation Loss: 0.000000000118
2025-04-02 02:56:25,444 - INFO - Starting epoch 7
2025-04-02 02:58:29,879 - INFO - Epoch 7 Training Loss: 0.000014703999
2025-04-02 02:58:31,530 - INFO - Epoch 7 Evaluation Loss: 0.000000000000
2025-04-02 02:58:31,530 - INFO - Starting epoch 8
2025-04-02 03:00:35,968 - INFO - Epoch 8 Training Loss: 0.000000430054
2025-04-02 03:00:37,630 - INFO - Epoch 8 Evaluation Loss: 0.000000000000
2025-04-02 03:00:37,630 - INFO - Starting epoch 9
2025-04-02 03:02:41,813 - INFO - Epoch 9 Training Loss: 0.000063129842
2025-04-02 03:02:43,442 - INFO - Epoch 9 Evaluation Loss: 0.000000010171
2025-04-02 03:02:43,442 - INFO - Starting epoch 10
2025-04-02 03:04:46,786 - INFO - Epoch 10 Training Loss: 0.000000023221
2025-04-02 03:04:48,461 - INFO - Epoch 10 Evaluation Loss: 0.000000009343
2025-04-02 03:04:48,462 - INFO - Starting epoch 11
2025-04-02 03:06:52,442 - INFO - Epoch 11 Training Loss: 0.000011811705
2025-04-02 03:06:54,050 - INFO - Epoch 11 Evaluation Loss: 0.000000003075
2025-04-02 03:06:54,050 - INFO - Starting epoch 12
2025-04-02 03:08:56,313 - INFO - Epoch 12 Training Loss: 0.000000031144
2025-04-02 03:08:57,956 - INFO - Epoch 12 Evaluation Loss: 0.000000002602
2025-04-02 03:08:57,956 - INFO - Starting epoch 13
2025-04-02 03:11:01,879 - INFO - Epoch 13 Training Loss: 0.000000014797
2025-04-02 03:11:03,571 - INFO - Epoch 13 Evaluation Loss: 0.000000002129
2025-04-02 03:11:03,571 - INFO - Starting epoch 14
2025-04-02 03:13:07,317 - INFO - Epoch 14 Training Loss: 0.000000028597
2025-04-02 03:13:08,973 - INFO - Epoch 14 Evaluation Loss: 0.000000002247
2025-04-02 03:13:08,973 - INFO - Starting epoch 15
2025-04-02 03:15:15,734 - INFO - Epoch 15 Training Loss: 0.000000033460
2025-04-02 03:15:17,542 - INFO - Epoch 15 Evaluation Loss: 0.000000002129
2025-04-02 03:15:17,542 - INFO - Starting epoch 16
2025-04-02 03:17:33,957 - INFO - Epoch 16 Training Loss: 0.000000002358
2025-04-02 03:17:35,641 - INFO - Epoch 16 Evaluation Loss: 0.000000001774
2025-04-02 03:17:35,641 - INFO - Starting epoch 17
2025-04-02 03:19:40,019 - INFO - Epoch 17 Training Loss: 0.000000574206
2025-04-02 03:19:41,707 - INFO - Epoch 17 Evaluation Loss: 0.000000000000
2025-04-02 03:19:41,707 - INFO - Starting epoch 18
2025-04-02 03:21:46,192 - INFO - Epoch 18 Training Loss: 0.000000000674
2025-04-02 03:21:47,832 - INFO - Epoch 18 Evaluation Loss: 0.000000000000
2025-04-02 03:21:47,832 - INFO - Starting epoch 19
2025-04-02 03:23:56,621 - INFO - Epoch 19 Training Loss: 0.000000104297
2025-04-02 03:23:58,564 - INFO - Epoch 19 Evaluation Loss: 0.000000000000
2025-04-02 03:23:58,564 - INFO - Starting epoch 20
2025-04-02 03:26:16,680 - INFO - Epoch 20 Training Loss: 0.000000000115
2025-04-02 03:26:18,745 - INFO - Epoch 20 Evaluation Loss: 0.000000000000
2025-04-02 03:26:18,745 - INFO - Starting epoch 21
2025-04-02 03:28:36,752 - INFO - Epoch 21 Training Loss: 0.000007637517
2025-04-02 03:28:38,583 - INFO - Epoch 21 Evaluation Loss: 0.000000000000
2025-04-02 03:28:38,583 - INFO - Starting epoch 22
2025-04-02 03:30:55,403 - INFO - Epoch 22 Training Loss: 0.000000003295
2025-04-02 03:30:57,166 - INFO - Epoch 22 Evaluation Loss: 0.000000000000
2025-04-02 03:30:57,166 - INFO - Starting epoch 23
2025-04-02 03:33:14,010 - INFO - Epoch 23 Training Loss: 0.000000007817
2025-04-02 03:33:15,943 - INFO - Epoch 23 Evaluation Loss: 0.000000000000
2025-04-02 03:33:15,943 - INFO - Starting epoch 24
2025-04-02 03:35:35,448 - INFO - Epoch 24 Training Loss: 0.000000000342
2025-04-02 03:35:37,362 - INFO - Epoch 24 Evaluation Loss: 0.000000000000
2025-04-02 03:35:37,362 - INFO - Starting epoch 25
2025-04-02 03:37:56,199 - INFO - Epoch 25 Training Loss: 0.000000000010
2025-04-02 03:37:58,037 - INFO - Epoch 25 Evaluation Loss: 0.000000000000
2025-04-02 03:37:58,037 - INFO - Starting epoch 26
2025-04-02 03:40:17,520 - INFO - Epoch 26 Training Loss: 0.000001026596
2025-04-02 03:40:19,330 - INFO - Epoch 26 Evaluation Loss: 0.000000000000
2025-04-02 03:40:19,331 - INFO - Starting epoch 27
2025-04-02 03:42:38,826 - INFO - Epoch 27 Training Loss: 0.000001130716
2025-04-02 03:42:40,649 - INFO - Epoch 27 Evaluation Loss: 0.000000000000
2025-04-02 03:42:40,649 - INFO - Starting epoch 28
2025-04-02 03:44:57,556 - INFO - Epoch 28 Training Loss: 0.000000000032
2025-04-02 03:44:59,473 - INFO - Epoch 28 Evaluation Loss: 0.000000000000
2025-04-02 03:44:59,473 - INFO - Starting epoch 29
2025-04-02 03:47:15,957 - INFO - Epoch 29 Training Loss: 0.000000000010
2025-04-02 03:47:17,784 - INFO - Epoch 29 Evaluation Loss: 0.000000000000
2025-04-02 03:47:17,784 - INFO - Starting epoch 30
2025-04-02 03:49:36,916 - INFO - Epoch 30 Training Loss: 0.000000000000
2025-04-02 03:49:38,653 - INFO - Epoch 30 Evaluation Loss: 0.000000000000
2025-04-02 03:49:38,653 - INFO - Starting epoch 31
2025-04-02 03:51:56,008 - INFO - Epoch 31 Training Loss: 0.000000000058
2025-04-02 03:51:57,874 - INFO - Epoch 31 Evaluation Loss: 0.000000000000
2025-04-02 03:51:57,874 - INFO - Starting epoch 32
2025-04-02 03:54:10,321 - INFO - Epoch 32 Training Loss: 0.000000011953
2025-04-02 03:54:12,110 - INFO - Epoch 32 Evaluation Loss: 0.000000000000
2025-04-02 03:54:12,110 - INFO - Starting epoch 33
2025-04-02 03:56:25,901 - INFO - Epoch 33 Training Loss: 0.000000000026
2025-04-02 03:56:27,755 - INFO - Epoch 33 Evaluation Loss: 0.000000000000
2025-04-02 03:56:27,755 - INFO - Starting epoch 34
2025-04-02 03:58:42,359 - INFO - Epoch 34 Training Loss: 0.000000000037
2025-04-02 03:58:44,076 - INFO - Epoch 34 Evaluation Loss: 0.000000000000
2025-04-02 03:58:44,076 - INFO - Starting epoch 35
2025-04-02 04:00:57,615 - INFO - Epoch 35 Training Loss: 0.000000000052
2025-04-02 04:00:59,421 - INFO - Epoch 35 Evaluation Loss: 0.000000000000
2025-04-02 04:00:59,421 - INFO - Starting epoch 36
2025-04-02 04:03:11,165 - INFO - Epoch 36 Training Loss: 0.000000000367
2025-04-02 04:03:13,010 - INFO - Epoch 36 Evaluation Loss: 0.000000000000
2025-04-02 04:03:13,010 - INFO - Starting epoch 37
2025-04-02 04:05:25,677 - INFO - Epoch 37 Training Loss: 0.000000000246
2025-04-02 04:05:27,417 - INFO - Epoch 37 Evaluation Loss: 0.000000000000
2025-04-02 04:05:27,417 - INFO - Starting epoch 38
2025-04-02 04:07:35,570 - INFO - Epoch 38 Training Loss: 0.000000000000
2025-04-02 04:07:37,163 - INFO - Epoch 38 Evaluation Loss: 0.000000000000
2025-04-02 04:07:37,163 - INFO - Starting epoch 39
2025-04-02 04:09:39,270 - INFO - Epoch 39 Training Loss: 0.000000000026
2025-04-02 04:09:40,879 - INFO - Epoch 39 Evaluation Loss: 0.000000000000
2025-04-02 04:09:40,879 - INFO - Starting epoch 40
2025-04-02 04:11:42,568 - INFO - Epoch 40 Training Loss: 0.000000000052
2025-04-02 04:11:44,169 - INFO - Epoch 40 Evaluation Loss: 0.000000000000
2025-04-02 04:11:45,129 - INFO - Model and tokenizer saved to results/t5_pretrain_contrastive_toxic/model_checkpoint
